2022-08-14 10:24:25.499  INFO 61382 --- [SpringApplicationShutdownHook] j.LocalContainerEntityManagerFactoryBean : Closing JPA EntityManagerFactory for persistence unit 'default'
2022-08-14 10:24:25.902  INFO 61382 --- [SpringApplicationShutdownHook] com.zaxxer.hikari.HikariDataSource       : HikariPool-1 - Shutdown initiated...
2022-08-14 10:24:26.018  INFO 61382 --- [SpringApplicationShutdownHook] com.zaxxer.hikari.HikariDataSource       : HikariPool-1 - Shutdown completed.
2022-08-14 15:45:42.524  INFO 76968 --- [restartedMain] a.m.m.Myhouse24AdminApplication          : Starting Myhouse24AdminApplication using Java 17.0.1 on sazbserg-Swift-SF314-41 with PID 76968 (/home/sazbserg/IdeaProjects/MyHouse24/Admin/target/classes started by sazbserg in /home/sazbserg/IdeaProjects/MyHouse24/Admin)
2022-08-14 15:45:42.528  INFO 76968 --- [restartedMain] a.m.m.Myhouse24AdminApplication          : No active profile set, falling back to 1 default profile: "default"
2022-08-14 15:45:42.873  INFO 76968 --- [restartedMain] .e.DevToolsPropertyDefaultsPostProcessor : Devtools property defaults active! Set 'spring.devtools.add-properties' to 'false' to disable
2022-08-14 15:45:42.874  INFO 76968 --- [restartedMain] .e.DevToolsPropertyDefaultsPostProcessor : For additional web related logging consider setting the 'logging.level.web' property to 'DEBUG'
2022-08-14 15:45:43.689  INFO 76968 --- [restartedMain] .s.d.r.c.RepositoryConfigurationDelegate : Bootstrapping Spring Data JPA repositories in DEFAULT mode.
2022-08-14 15:45:43.796  INFO 76968 --- [restartedMain] .s.d.r.c.RepositoryConfigurationDelegate : Finished Spring Data repository scanning in 95 ms. Found 9 JPA repository interfaces.
2022-08-14 15:45:44.550  INFO 76968 --- [restartedMain] o.s.b.w.embedded.tomcat.TomcatWebServer  : Tomcat initialized with port(s): 8060 (http)
2022-08-14 15:45:44.563  INFO 76968 --- [restartedMain] o.apache.catalina.core.StandardService   : Starting service [Tomcat]
2022-08-14 15:45:44.563  INFO 76968 --- [restartedMain] org.apache.catalina.core.StandardEngine  : Starting Servlet engine: [Apache Tomcat/9.0.65]
2022-08-14 15:45:44.686  INFO 76968 --- [restartedMain] o.a.c.c.C.[Tomcat].[localhost].[/]       : Initializing Spring embedded WebApplicationContext
2022-08-14 15:45:44.686  INFO 76968 --- [restartedMain] w.s.c.ServletWebServerApplicationContext : Root WebApplicationContext: initialization completed in 1811 ms
2022-08-14 15:45:44.938  INFO 76968 --- [restartedMain] o.hibernate.jpa.internal.util.LogHelper  : HHH000204: Processing PersistenceUnitInfo [name: default]
2022-08-14 15:45:44.980  INFO 76968 --- [restartedMain] org.hibernate.Version                    : HHH000412: Hibernate ORM core version 5.6.10.Final
2022-08-14 15:45:45.105  INFO 76968 --- [restartedMain] o.hibernate.annotations.common.Version   : HCANN000001: Hibernate Commons Annotations {5.1.2.Final}
2022-08-14 15:45:45.206  INFO 76968 --- [restartedMain] org.hibernate.dialect.Dialect            : HHH000400: Using dialect: org.hibernate.dialect.PostgreSQLDialect
2022-08-14 15:45:45.915  INFO 76968 --- [restartedMain] com.zaxxer.hikari.HikariDataSource       : HikariPool-1 - Starting...
2022-08-14 15:45:46.279  INFO 76968 --- [restartedMain] com.zaxxer.hikari.HikariDataSource       : HikariPool-1 - Start completed.
2022-08-14 15:45:46.752  INFO 76968 --- [restartedMain] o.h.e.t.j.p.i.JtaPlatformInitiator       : HHH000490: Using JtaPlatform implementation: [org.hibernate.engine.transaction.jta.platform.internal.NoJtaPlatform]
2022-08-14 15:45:46.763  INFO 76968 --- [restartedMain] j.LocalContainerEntityManagerFactoryBean : Initialized JPA EntityManagerFactory for persistence unit 'default'
2022-08-14 15:45:47.222  INFO 76968 --- [restartedMain] o.s.s.web.DefaultSecurityFilterChain     : Will secure any request with [org.springframework.security.web.session.DisableEncodeUrlFilter@47bcf3ad, org.springframework.security.web.context.request.async.WebAsyncManagerIntegrationFilter@6cfb149a, org.springframework.security.web.context.SecurityContextPersistenceFilter@21458402, org.springframework.security.web.header.HeaderWriterFilter@334c62c1, org.springframework.security.web.authentication.logout.LogoutFilter@39aad1c5, org.springframework.security.web.authentication.UsernamePasswordAuthenticationFilter@2f81e7b9, org.springframework.security.web.savedrequest.RequestCacheAwareFilter@7d85ce12, org.springframework.security.web.servletapi.SecurityContextHolderAwareRequestFilter@3b2536fe, org.springframework.security.web.authentication.AnonymousAuthenticationFilter@270326f7, org.springframework.security.web.session.SessionManagementFilter@1ad55d8c, org.springframework.security.web.access.ExceptionTranslationFilter@4f17e0c4, org.springframework.security.web.access.intercept.AuthorizationFilter@662daa49]
2022-08-14 15:45:47.470  WARN 76968 --- [restartedMain] JpaBaseConfiguration$JpaWebConfiguration : spring.jpa.open-in-view is enabled by default. Therefore, database queries may be performed during view rendering. Explicitly configure spring.jpa.open-in-view to disable this warning
2022-08-14 15:45:47.965  WARN 76968 --- [restartedMain] o.s.b.d.a.OptionalLiveReloadServer       : Unable to start LiveReload server
2022-08-14 15:45:48.008  INFO 76968 --- [restartedMain] o.s.b.w.embedded.tomcat.TomcatWebServer  : Tomcat started on port(s): 8060 (http) with context path ''
2022-08-14 15:45:48.023  INFO 76968 --- [restartedMain] a.m.m.Myhouse24AdminApplication          : Started Myhouse24AdminApplication in 6.032 seconds (JVM running for 6.96)
2022-08-14 15:45:48.820  INFO 76968 --- [http-nio-8060-exec-1] o.a.c.c.C.[Tomcat].[localhost].[/]       : Initializing Spring DispatcherServlet 'dispatcherServlet'
2022-08-14 15:45:48.820  INFO 76968 --- [http-nio-8060-exec-1] o.s.web.servlet.DispatcherServlet        : Initializing Servlet 'dispatcherServlet'
2022-08-14 15:45:48.821  INFO 76968 --- [http-nio-8060-exec-1] o.s.web.servlet.DispatcherServlet        : Completed initialization in 0 ms
